INFO buildroot.py:317:  Mock Version: 1.3.4
DEBUG util.py:109:  ensuring that dir exists: /var/lib/mock/dist-c8-build-2420-213/root/dev/pts
DEBUG util.py:112:  creating dir: /var/lib/mock/dist-c8-build-2420-213/root/dev/pts
DEBUG util.py:109:  ensuring that dir exists: /var/lib/mock/dist-c8-build-2420-213/root/dev/shm
DEBUG util.py:112:  creating dir: /var/lib/mock/dist-c8-build-2420-213/root/dev/shm
DEBUG buildroot.py:448:  kernel version == 4.19.34-300.el7.x86_64
DEBUG util.py:122:  touching file: /var/lib/mock/dist-c8-build-2420-213/root/etc/fstab
DEBUG util.py:122:  touching file: /var/lib/mock/dist-c8-build-2420-213/root/etc/yum.conf
DEBUG util.py:122:  touching file: /var/lib/mock/dist-c8-build-2420-213/root/etc/dnf.conf
DEBUG util.py:122:  touching file: /var/lib/mock/dist-c8-build-2420-213/root/var/log/yum.log
DEBUG util.py:598:  child environment: None
DEBUG util.py:522:  Executing command: ['/bin/mount', '-n', '-t', 'proc', 'proc', '/var/lib/mock/dist-c8-build-2420-213/root/proc'] with env {'LANG': 'en_GB.UTF-8', 'TERM': 'vt100', 'SHELL': '/bin/sh', 'HOSTNAME': 'mock', 'HOME': '/builddir', 'PATH': '/usr/bin:/bin:/usr/sbin:/sbin'} and shell False
DEBUG util.py:577:  Child return code was: 0
DEBUG util.py:598:  child environment: None
DEBUG util.py:522:  Executing command: ['/bin/mount', '-n', '-t', 'sysfs', 'sysfs', '/var/lib/mock/dist-c8-build-2420-213/root/sys'] with env {'LANG': 'en_GB.UTF-8', 'TERM': 'vt100', 'SHELL': '/bin/sh', 'HOSTNAME': 'mock', 'HOME': '/builddir', 'PATH': '/usr/bin:/bin:/usr/sbin:/sbin'} and shell False
DEBUG util.py:577:  Child return code was: 0
DEBUG util.py:598:  child environment: None
DEBUG util.py:522:  Executing command: ['/bin/mount', '-n', '-t', 'tmpfs', 'tmpfs', '/var/lib/mock/dist-c8-build-2420-213/root/dev/shm'] with env {'LANG': 'en_GB.UTF-8', 'TERM': 'vt100', 'SHELL': '/bin/sh', 'HOSTNAME': 'mock', 'HOME': '/builddir', 'PATH': '/usr/bin:/bin:/usr/sbin:/sbin'} and shell False
DEBUG util.py:577:  Child return code was: 0
DEBUG util.py:598:  child environment: None
DEBUG util.py:522:  Executing command: ['/bin/mount', '-n', '-t', 'devpts', '-o', 'gid=5,mode=0620,ptmxmode=0666,newinstance', 'devpts', '/var/lib/mock/dist-c8-build-2420-213/root/dev/pts'] with env {'LANG': 'en_GB.UTF-8', 'TERM': 'vt100', 'SHELL': '/bin/sh', 'HOSTNAME': 'mock', 'HOME': '/builddir', 'PATH': '/usr/bin:/bin:/usr/sbin:/sbin'} and shell False
DEBUG util.py:577:  Child return code was: 0
DEBUG util.py:598:  child environment: None
DEBUG util.py:522:  Executing command: ['/bin/mount', '-n', '--bind', '/tmp/mock-selinux-plugin.AjjgTd', '/var/lib/mock/dist-c8-build-2420-213/root/proc/filesystems'] with env {'LANG': 'en_GB.UTF-8', 'TERM': 'vt100', 'SHELL': '/bin/sh', 'HOSTNAME': 'mock', 'HOME': '/builddir', 'PATH': '/usr/bin:/bin:/usr/sbin:/sbin'} and shell False
DEBUG util.py:577:  Child return code was: 0
DEBUG buildroot.py:136:  rootdir = /var/lib/mock/dist-c8-build-2420-213/root
DEBUG buildroot.py:137:  resultdir = /var/lib/mock/dist-c8-build-2420-213/result
DEBUG util.py:109:  ensuring that dir exists: /var/lib/mock/dist-c8-build-2420-213/root/etc/pki/mock
DEBUG util.py:112:  creating dir: /var/lib/mock/dist-c8-build-2420-213/root/etc/pki/mock
DEBUG util.py:109:  ensuring that dir exists: /var/lib/mock/dist-c8-build-2420-213/root/etc/dnf
DEBUG util.py:112:  creating dir: /var/lib/mock/dist-c8-build-2420-213/root/etc/dnf
DEBUG util.py:109:  ensuring that dir exists: /var/lib/mock/dist-c8-build-2420-213/root/etc
DEBUG package_manager.py:104:  ['/usr/bin/dnf', '--installroot', '/var/lib/mock/dist-c8-build-2420-213/root/', '--disableplugin=local', '--setopt=deltarpm=false', 'groupinstall', 'build']
DEBUG util.py:598:  child environment: None
DEBUG util.py:522:  Executing command: ['/usr/bin/dnf', '--installroot', '/var/lib/mock/dist-c8-build-2420-213/root/', '--disableplugin=local', '--setopt=deltarpm=false', 'groupinstall', 'build', '--setopt=tsflags=nocontexts'] with env {'LANG': 'en_GB.UTF-8', 'TERM': 'vt100', 'SHELL': '/bin/bash', 'LC_MESSAGES': 'C', 'HOSTNAME': 'mock', 'PROMPT_COMMAND': 'printf "\\033]0;<mock-chroot>\\007"', 'HOME': '/builddir', 'PATH': '/usr/bin:/bin:/usr/sbin:/sbin', 'PS1': '<mock-chroot> \\s-\\v\\$ '} and shell False
DEBUG util.py:439:  Unable to detect release version (use '--releasever' to specify release version)
DEBUG util.py:439:  Last metadata expiration check: 0:00:01 ago on Mon 13 May 2019 13:40:10 UTC.
DEBUG util.py:439:  No match for group package "module-build-macros"
DEBUG util.py:439:  Dependencies resolved.
DEBUG util.py:439:  ================================================================================
DEBUG util.py:439:   Package                     Arch   Version                         Repository
DEBUG util.py:439:                                                                             Size
DEBUG util.py:439:  ================================================================================
DEBUG util.py:439:  Installing group/module packages:
DEBUG util.py:439:   bash                        x86_64 4.4.19-7.el8                    build 1.5 M
DEBUG util.py:439:   buildsys-macros-el8         noarch 1.0-1.el8                       build 6.9 k
DEBUG util.py:439:   bzip2                       x86_64 1.0.6-26.el8                    build  59 k
DEBUG util.py:439:   centos-release              x86_64 8-0.1905.0.2.el8                build  24 k
DEBUG util.py:439:   coreutils                   x86_64 8.30-6.el8                      build 1.2 M
DEBUG util.py:439:   cpio                        x86_64 2.12-8.el8                      build 264 k
DEBUG util.py:439:   diffutils                   x86_64 3.6-5.el8                       build 358 k
DEBUG util.py:439:   findutils                   x86_64 1:4.6.0-20.el8                  build 527 k
DEBUG util.py:439:   gawk                        x86_64 4.2.1-1.el8                     build 1.1 M
DEBUG util.py:439:   gcc                         x86_64 8.2.1-3.5.el8+2                 build  23 M
DEBUG util.py:439:   gcc-c++                     x86_64 8.2.1-3.5.el8+2                 build  12 M
DEBUG util.py:439:   grep                        x86_64 3.1-6.el8                       build 273 k
DEBUG util.py:439:   gzip                        x86_64 1.9-4.el8                       build 165 k
DEBUG util.py:439:   info                        x86_64 6.5-4.el8                       build 197 k
DEBUG util.py:439:   make                        x86_64 1:4.2.1-9.el8                   build 497 k
DEBUG util.py:439:   patch                       x86_64 2.7.6-8.el8                     build 137 k
DEBUG util.py:439:   redhat-rpm-config           noarch 116-1.el8.0.1                   build  81 k
DEBUG util.py:439:   rpm-build                   x86_64 4.14.2-9.el8                    build 165 k
DEBUG util.py:439:   sed                         x86_64 4.5-1.el8                       build 297 k
DEBUG util.py:439:   shadow-utils                x86_64 2:4.6-7.el8                     build 1.2 M
DEBUG util.py:439:   tar                         x86_64 2:1.30-4.el8                    build 837 k
DEBUG util.py:439:   unzip                       x86_64 6.0-41.el8                      build 192 k
DEBUG util.py:439:   util-linux                  x86_64 2.32.1-8.el8                    build 2.5 M
DEBUG util.py:439:   which                       x86_64 2.21-10.el8                     build  47 k
DEBUG util.py:439:   xz                          x86_64 5.2.4-3.el8                     build 152 k
DEBUG util.py:439:  Installing dependencies:
DEBUG util.py:439:   annobin                     x86_64 8.64-1.el8+2                    build 186 k
DEBUG util.py:439:   audit-libs                  x86_64 3.0-0.10.20180831git0047a6c.el8 build 115 k
DEBUG util.py:439:   basesystem                  noarch 11-5.el8                        build 9.4 k
DEBUG util.py:439:   binutils                    x86_64 2.30-49.el8                     build 5.7 M
DEBUG util.py:439:   brotli                      x86_64 1.0.6-1.el8                     build 322 k
DEBUG util.py:439:   bzip2-libs                  x86_64 1.0.6-26.el8                    build  47 k
DEBUG util.py:439:   ca-certificates             noarch 2018.2.24-6.el8                 build 393 k
DEBUG util.py:439:   chkconfig                   x86_64 1.11-1.el8                      build 188 k
DEBUG util.py:439:   coreutils-common            x86_64 8.30-6.el8                      build 2.0 M
DEBUG util.py:439:   cpp                         x86_64 8.2.1-3.5.el8+2                 build  10 M
DEBUG util.py:439:   cracklib                    x86_64 2.9.6-15.el8                    build  92 k
DEBUG util.py:439:   crypto-policies             noarch 20181217-6.git9a35207.el8       build  53 k
DEBUG util.py:439:   curl                        x86_64 7.61.1-8.el8+2                  build 351 k
DEBUG util.py:439:   cyrus-sasl-lib              x86_64 2.1.27-0.3rc7.el8               build 122 k
DEBUG util.py:439:   dwz                         x86_64 0.12-9.el8+2                    build 108 k
DEBUG util.py:439:   efi-srpm-macros             noarch 3-2.el8                         build  21 k
DEBUG util.py:439:   elfutils                    x86_64 0.174-6.el8                     build 343 k
DEBUG util.py:439:   elfutils-default-yama-scope noarch 0.174-6.el8                     build  45 k
DEBUG util.py:439:   elfutils-libelf             x86_64 0.174-6.el8                     build 209 k
DEBUG util.py:439:   elfutils-libs               x86_64 0.174-6.el8                     build 314 k
DEBUG util.py:439:   expat                       x86_64 2.2.5-3.el8                     build 109 k
DEBUG util.py:439:   file                        x86_64 5.33-8.el8                      build  74 k
DEBUG util.py:439:   file-libs                   x86_64 5.33-8.el8                      build 541 k
DEBUG util.py:439:   filesystem                  x86_64 3.8-2.el8                       build 1.1 M
DEBUG util.py:439:   gc                          x86_64 7.6.4-3.el8+2                   build 108 k
DEBUG util.py:439:   gdb-headless                x86_64 8.2-5.el8+2                     build 3.7 M
DEBUG util.py:439:   gdbm                        x86_64 1:1.18-1.el8                    build 129 k
DEBUG util.py:439:   gdbm-libs                   x86_64 1:1.18-1.el8                    build  59 k
DEBUG util.py:439:   ghc-srpm-macros             noarch 1.4.2-7.el8+2                   build 8.2 k
DEBUG util.py:439:   glib2                       x86_64 2.56.4-1.el8                    build 2.5 M
DEBUG util.py:439:   glibc                       x86_64 2.28-42.el8+2                   build 3.8 M
DEBUG util.py:439:   glibc-all-langpacks         x86_64 2.28-42.el8+2                   build  25 M
DEBUG util.py:439:   glibc-common                x86_64 2.28-42.el8+2                   build 810 k
DEBUG util.py:439:   glibc-devel                 x86_64 2.28-42.el8+2                   build 1.0 M
DEBUG util.py:439:   glibc-headers               x86_64 2.28-42.el8+2                   build 463 k
DEBUG util.py:439:   gmp                         x86_64 1:6.1.2-8.el8                   build 318 k
DEBUG util.py:439:   gnupg2                      x86_64 2.2.9-1.el8                     build 2.3 M
DEBUG util.py:439:   gnutls                      x86_64 3.6.5-2.el8                     build 895 k
DEBUG util.py:439:   go-srpm-macros              noarch 2-16.el8+2                      build  13 k
DEBUG util.py:439:   guile                       x86_64 5:2.0.14-7.el8+2                build 3.5 M
DEBUG util.py:439:   ima-evm-utils               x86_64 1.1-4.el8                       build  54 k
DEBUG util.py:439:   isl                         x86_64 0.16.1-6.el8+2                  build 840 k
DEBUG util.py:439:   kernel-headers              x86_64 4.18.0-79.el8+2                 build 1.5 M
DEBUG util.py:439:   keyutils-libs               x86_64 1.5.10-6.el8                    build  33 k
DEBUG util.py:439:   krb5-libs                   x86_64 1.16.1-22.el8                   build 839 k
DEBUG util.py:439:   libacl                      x86_64 2.2.53-1.el8                    build  34 k
DEBUG util.py:439:   libarchive                  x86_64 3.3.2-3.el8                     build 356 k
DEBUG util.py:439:   libassuan                   x86_64 2.5.1-3.el8                     build  82 k
DEBUG util.py:439:   libatomic_ops               x86_64 7.6.2-3.el8+2                   build  37 k
DEBUG util.py:439:   libattr                     x86_64 2.4.48-3.el8                    build  26 k
DEBUG util.py:439:   libbabeltrace               x86_64 1.5.4-2.el8+2                   build 200 k
DEBUG util.py:439:   libblkid                    x86_64 2.32.1-8.el8                    build 212 k
DEBUG util.py:439:   libcap                      x86_64 2.25-9.el8                      build  56 k
DEBUG util.py:439:   libcap-ng                   x86_64 0.7.9-4.el8                     build  32 k
DEBUG util.py:439:   libcom_err                  x86_64 1.44.3-2.el8                    build  47 k
DEBUG util.py:439:   libcurl                     x86_64 7.61.1-8.el8+2                  build 293 k
DEBUG util.py:439:   libdb                       x86_64 5.3.28-36.el8+2                 build 749 k
DEBUG util.py:439:   libdb-utils                 x86_64 5.3.28-36.el8+2                 build 149 k
DEBUG util.py:439:   libfdisk                    x86_64 2.32.1-8.el8                    build 246 k
DEBUG util.py:439:   libffi                      x86_64 3.1-18.el8                      build  36 k
DEBUG util.py:439:   libgcc                      x86_64 8.2.1-3.5.el8+2                 build  76 k
DEBUG util.py:439:   libgcrypt                   x86_64 1.8.3-2.el8                     build 458 k
DEBUG util.py:439:   libgomp                     x86_64 8.2.1-3.5.el8+2                 build 188 k
DEBUG util.py:439:   libgpg-error                x86_64 1.31-1.el8                      build 241 k
DEBUG util.py:439:   libidn2                     x86_64 2.0.5-1.el8                     build  89 k
DEBUG util.py:439:   libipt                      x86_64 1.6.1-8.el8+2                   build  49 k
DEBUG util.py:439:   libksba                     x86_64 1.3.5-7.el8                     build 134 k
DEBUG util.py:439:   libmetalink                 x86_64 0.1.3-7.el8                     build  31 k
DEBUG util.py:439:   libmount                    x86_64 2.32.1-8.el8                    build 228 k
DEBUG util.py:439:   libmpc                      x86_64 1.0.2-9.el8+2                   build  58 k
DEBUG util.py:439:   libnghttp2                  x86_64 1.33.0-1.el8                    build  76 k
DEBUG util.py:439:   libnsl2                     x86_64 1.2.0-2.20180605git4a062cf.el8  build  57 k
DEBUG util.py:439:   libpkgconf                  x86_64 1.4.2-1.el8                     build  34 k
DEBUG util.py:439:   libpsl                      x86_64 0.20.2-5.el8                    build  60 k
DEBUG util.py:439:   libpwquality                x86_64 1.4.0-9.el8                     build 101 k
DEBUG util.py:439:   libselinux                  x86_64 2.8-6.el8                       build 177 k
DEBUG util.py:439:   libsemanage                 x86_64 2.8-5.el8                       build 161 k
DEBUG util.py:439:   libsepol                    x86_64 2.8-2.el8                       build 337 k
DEBUG util.py:439:   libsigsegv                  x86_64 2.11-5.el8                      build  29 k
DEBUG util.py:439:   libsmartcols                x86_64 2.32.1-8.el8                    build 172 k
DEBUG util.py:439:   libssh                      x86_64 0.8.5-2.el8                     build 226 k
DEBUG util.py:439:   libstdc++                   x86_64 8.2.1-3.5.el8+2                 build 447 k
DEBUG util.py:439:   libstdc++-devel             x86_64 8.2.1-3.5.el8+2                 build 2.0 M
DEBUG util.py:439:   libtasn1                    x86_64 4.13-3.el8                      build  75 k
DEBUG util.py:439:   libtirpc                    x86_64 1.1.4-3.el8                     build 111 k
DEBUG util.py:439:   libtool-ltdl                x86_64 2.4.6-25.el8                    build  57 k
DEBUG util.py:439:   libunistring                x86_64 0.9.9-3.el8                     build 421 k
DEBUG util.py:439:   libusbx                     x86_64 1.0.22-1.el8                    build  70 k
DEBUG util.py:439:   libutempter                 x86_64 1.1.6-14.el8                    build  31 k
DEBUG util.py:439:   libuuid                     x86_64 2.32.1-8.el8                    build  91 k
DEBUG util.py:439:   libverto                    x86_64 0.3.0-5.el8                     build  23 k
DEBUG util.py:439:   libxcrypt                   x86_64 4.1.1-4.el8                     build  72 k
DEBUG util.py:439:   libxcrypt-devel             x86_64 4.1.1-4.el8                     build  24 k
DEBUG util.py:439:   libxml2                     x86_64 2.9.7-5.el8                     build 695 k
DEBUG util.py:439:   lua-libs                    x86_64 5.3.4-10.el8                    build 117 k
DEBUG util.py:439:   lz4-libs                    x86_64 1.8.1.2-4.el8                   build  54 k
DEBUG util.py:439:   mpfr                        x86_64 3.1.6-1.el8                     build 220 k
DEBUG util.py:439:   ncurses                     x86_64 6.1-7.20180224.el8              build 386 k
DEBUG util.py:439:   ncurses-base                noarch 6.1-7.20180224.el8              build  80 k
DEBUG util.py:439:   ncurses-libs                x86_64 6.1-7.20180224.el8              build 334 k
DEBUG util.py:439:   nettle                      x86_64 3.4.1-1.el8                     build 301 k
DEBUG util.py:439:   npth                        x86_64 1.5-4.el8                       build  25 k
DEBUG util.py:439:   ocaml-srpm-macros           noarch 5-4.el8+2                       build 8.3 k
DEBUG util.py:439:   openblas-srpm-macros        noarch 2-2.el8+2                       build 6.9 k
DEBUG util.py:439:   openldap                    x86_64 2.4.46-9.el8                    build 350 k
DEBUG util.py:439:   openssl-libs                x86_64 1:1.1.1-8.el8                   build 1.4 M
DEBUG util.py:439:   p11-kit                     x86_64 0.23.14-5.el8                   build 271 k
DEBUG util.py:439:   p11-kit-trust               x86_64 0.23.14-5.el8                   build 138 k
DEBUG util.py:439:   pam                         x86_64 1.3.1-4.el8                     build 733 k
DEBUG util.py:439:   pcre                        x86_64 8.42-4.el8                      build 207 k
DEBUG util.py:439:   pcre2                       x86_64 10.32-1.el8                     build 242 k
DEBUG util.py:439:   perl-srpm-macros            noarch 1-25.el8+2                      build 9.7 k
DEBUG util.py:439:   pkgconf                     x86_64 1.4.2-1.el8                     build  37 k
DEBUG util.py:439:   pkgconf-m4                  noarch 1.4.2-1.el8                     build  16 k
DEBUG util.py:439:   pkgconf-pkg-config          x86_64 1.4.2-1.el8                     build  14 k
DEBUG util.py:439:   platform-python             x86_64 3.6.8-1.el8+2                   build  77 k
DEBUG util.py:439:   platform-python-pip         noarch 9.0.3-13.el8                    build 1.8 M
DEBUG util.py:439:   platform-python-setuptools  noarch 39.2.0-4.el8                    build 631 k
DEBUG util.py:439:   popt                        x86_64 1.16-14.el8                     build  60 k
DEBUG util.py:439:   publicsuffix-list-dafsa     noarch 20180723-1.el8                  build  55 k
DEBUG util.py:439:   python-srpm-macros          noarch 3-37.el8+2                      build  13 k
DEBUG util.py:439:   python3-libs                x86_64 3.6.8-1.el8+2                   build 7.9 M
DEBUG util.py:439:   python3-rpm-macros          noarch 3-37.el8+2                      build  12 k
DEBUG util.py:439:   qt5-srpm-macros             noarch 5.11.1-2.el8+2                  build 9.8 k
DEBUG util.py:439:   readline                    x86_64 7.0-10.el8                      build 198 k
DEBUG util.py:439:   rpm                         x86_64 4.14.2-9.el8                    build 535 k
DEBUG util.py:439:   rpm-build-libs              x86_64 4.14.2-9.el8                    build 148 k
DEBUG util.py:439:   rpm-libs                    x86_64 4.14.2-9.el8                    build 332 k
DEBUG util.py:439:   rust-srpm-macros            noarch 5-2.el8+2                       build 8.2 k
DEBUG util.py:439:   setup                       noarch 2.12.2-1.el8                    build 179 k
DEBUG util.py:439:   sqlite-libs                 x86_64 3.26.0-3.el8                    build 578 k
DEBUG util.py:439:   systemd-libs                x86_64 239-13.el8.3                    build 550 k
DEBUG util.py:439:   tzdata                      noarch 2019a-1.el8                     build 464 k
DEBUG util.py:439:   xz-libs                     x86_64 5.2.4-3.el8                     build  93 k
DEBUG util.py:439:   zip                         x86_64 3.0-23.el8                      build 269 k
DEBUG util.py:439:   zlib                        x86_64 1.2.11-10.el8                   build 100 k
DEBUG util.py:439:  Installing Groups:
DEBUG util.py:439:   build                                                                         
DEBUG util.py:439:  Transaction Summary
DEBUG util.py:439:  ================================================================================
DEBUG util.py:439:  Install  161 Packages
DEBUG util.py:439:  Total download size: 146 M
DEBUG util.py:439:  Installed size: 598 M
DEBUG util.py:439:  Downloading Packages:
DEBUG util.py:439:  --------------------------------------------------------------------------------
DEBUG util.py:439:  Total                                            87 MB/s | 146 MB     00:01     
DEBUG util.py:439:  Running transaction check
DEBUG util.py:439:  Transaction check succeeded.
DEBUG util.py:439:  Running transaction test
DEBUG util.py:439:  Transaction test succeeded.
DEBUG util.py:439:  Running transaction
DEBUG util.py:439:  warning: %post(coreutils-common-8.30-6.el8.x86_64) scriptlet failed, exit status 127
DEBUG util.py:439:  Error in POSTIN scriptlet in rpm package coreutils-common
DEBUG util.py:439:  warning: /etc/hosts created as /etc/hosts.rpmnew
DEBUG util.py:439:  Installed:
DEBUG util.py:439:    bash-4.4.19-7.el8.x86_64                                                      
DEBUG util.py:439:    buildsys-macros-el8-1.0-1.el8.noarch                                          
DEBUG util.py:439:    bzip2-1.0.6-26.el8.x86_64                                                     
DEBUG util.py:439:    centos-release-8-0.1905.0.2.el8.x86_64                                        
DEBUG util.py:439:    coreutils-8.30-6.el8.x86_64                                                   
DEBUG util.py:439:    cpio-2.12-8.el8.x86_64                                                        
DEBUG util.py:439:    diffutils-3.6-5.el8.x86_64                                                    
DEBUG util.py:439:    findutils-1:4.6.0-20.el8.x86_64                                               
DEBUG util.py:439:    gawk-4.2.1-1.el8.x86_64                                                       
DEBUG util.py:439:    gcc-8.2.1-3.5.el8+2.x86_64                                                    
DEBUG util.py:439:    gcc-c++-8.2.1-3.5.el8+2.x86_64                                                
DEBUG util.py:439:    grep-3.1-6.el8.x86_64                                                         
DEBUG util.py:439:    gzip-1.9-4.el8.x86_64                                                         
DEBUG util.py:439:    info-6.5-4.el8.x86_64                                                         
DEBUG util.py:439:    make-1:4.2.1-9.el8.x86_64                                                     
DEBUG util.py:439:    patch-2.7.6-8.el8.x86_64                                                      
DEBUG util.py:439:    redhat-rpm-config-116-1.el8.0.1.noarch                                        
DEBUG util.py:439:    rpm-build-4.14.2-9.el8.x86_64                                                 
DEBUG util.py:439:    sed-4.5-1.el8.x86_64                                                          
DEBUG util.py:439:    shadow-utils-2:4.6-7.el8.x86_64                                               
DEBUG util.py:439:    tar-2:1.30-4.el8.x86_64                                                       
DEBUG util.py:439:    unzip-6.0-41.el8.x86_64                                                       
DEBUG util.py:439:    util-linux-2.32.1-8.el8.x86_64                                                
DEBUG util.py:439:    which-2.21-10.el8.x86_64                                                      
DEBUG util.py:439:    xz-5.2.4-3.el8.x86_64                                                         
DEBUG util.py:439:    annobin-8.64-1.el8+2.x86_64                                                   
DEBUG util.py:439:    audit-libs-3.0-0.10.20180831git0047a6c.el8.x86_64                             
DEBUG util.py:439:    basesystem-11-5.el8.noarch                                                    
DEBUG util.py:439:    binutils-2.30-49.el8.x86_64                                                   
DEBUG util.py:439:    brotli-1.0.6-1.el8.x86_64                                                     
DEBUG util.py:439:    bzip2-libs-1.0.6-26.el8.x86_64                                                
DEBUG util.py:439:    ca-certificates-2018.2.24-6.el8.noarch                                        
DEBUG util.py:439:    chkconfig-1.11-1.el8.x86_64                                                   
DEBUG util.py:439:    coreutils-common-8.30-6.el8.x86_64                                            
DEBUG util.py:439:    cpp-8.2.1-3.5.el8+2.x86_64                                                    
DEBUG util.py:439:    cracklib-2.9.6-15.el8.x86_64                                                  
DEBUG util.py:439:    crypto-policies-20181217-6.git9a35207.el8.noarch                              
DEBUG util.py:439:    curl-7.61.1-8.el8+2.x86_64                                                    
DEBUG util.py:439:    cyrus-sasl-lib-2.1.27-0.3rc7.el8.x86_64                                       
DEBUG util.py:439:    dwz-0.12-9.el8+2.x86_64                                                       
DEBUG util.py:439:    efi-srpm-macros-3-2.el8.noarch                                                
DEBUG util.py:439:    elfutils-0.174-6.el8.x86_64                                                   
DEBUG util.py:439:    elfutils-default-yama-scope-0.174-6.el8.noarch                                
DEBUG util.py:439:    elfutils-libelf-0.174-6.el8.x86_64                                            
DEBUG util.py:439:    elfutils-libs-0.174-6.el8.x86_64                                              
DEBUG util.py:439:    expat-2.2.5-3.el8.x86_64                                                      
DEBUG util.py:439:    file-5.33-8.el8.x86_64                                                        
DEBUG util.py:439:    file-libs-5.33-8.el8.x86_64                                                   
DEBUG util.py:439:    filesystem-3.8-2.el8.x86_64                                                   
DEBUG util.py:439:    gc-7.6.4-3.el8+2.x86_64                                                       
DEBUG util.py:439:    gdb-headless-8.2-5.el8+2.x86_64                                               
DEBUG util.py:439:    gdbm-1:1.18-1.el8.x86_64                                                      
DEBUG util.py:439:    gdbm-libs-1:1.18-1.el8.x86_64                                                 
DEBUG util.py:439:    ghc-srpm-macros-1.4.2-7.el8+2.noarch                                          
DEBUG util.py:439:    glib2-2.56.4-1.el8.x86_64                                                     
DEBUG util.py:439:    glibc-2.28-42.el8+2.x86_64                                                    
DEBUG util.py:439:    glibc-all-langpacks-2.28-42.el8+2.x86_64                                      
DEBUG util.py:439:    glibc-common-2.28-42.el8+2.x86_64                                             
DEBUG util.py:439:    glibc-devel-2.28-42.el8+2.x86_64                                              
DEBUG util.py:439:    glibc-headers-2.28-42.el8+2.x86_64                                            
DEBUG util.py:439:    gmp-1:6.1.2-8.el8.x86_64                                                      
DEBUG util.py:439:    gnupg2-2.2.9-1.el8.x86_64                                                     
DEBUG util.py:439:    gnutls-3.6.5-2.el8.x86_64                                                     
DEBUG util.py:439:    go-srpm-macros-2-16.el8+2.noarch                                              
DEBUG util.py:439:    guile-5:2.0.14-7.el8+2.x86_64                                                 
DEBUG util.py:439:    ima-evm-utils-1.1-4.el8.x86_64                                                
DEBUG util.py:439:    isl-0.16.1-6.el8+2.x86_64                                                     
DEBUG util.py:439:    kernel-headers-4.18.0-79.el8+2.x86_64                                         
DEBUG util.py:439:    keyutils-libs-1.5.10-6.el8.x86_64                                             
DEBUG util.py:439:    krb5-libs-1.16.1-22.el8.x86_64                                                
DEBUG util.py:439:    libacl-2.2.53-1.el8.x86_64                                                    
DEBUG util.py:439:    libarchive-3.3.2-3.el8.x86_64                                                 
DEBUG util.py:439:    libassuan-2.5.1-3.el8.x86_64                                                  
DEBUG util.py:439:    libatomic_ops-7.6.2-3.el8+2.x86_64                                            
DEBUG util.py:439:    libattr-2.4.48-3.el8.x86_64                                                   
DEBUG util.py:439:    libbabeltrace-1.5.4-2.el8+2.x86_64                                            
DEBUG util.py:439:    libblkid-2.32.1-8.el8.x86_64                                                  
DEBUG util.py:439:    libcap-2.25-9.el8.x86_64                                                      
DEBUG util.py:439:    libcap-ng-0.7.9-4.el8.x86_64                                                  
DEBUG util.py:439:    libcom_err-1.44.3-2.el8.x86_64                                                
DEBUG util.py:439:    libcurl-7.61.1-8.el8+2.x86_64                                                 
DEBUG util.py:439:    libdb-5.3.28-36.el8+2.x86_64                                                  
DEBUG util.py:439:    libdb-utils-5.3.28-36.el8+2.x86_64                                            
DEBUG util.py:439:    libfdisk-2.32.1-8.el8.x86_64                                                  
DEBUG util.py:439:    libffi-3.1-18.el8.x86_64                                                      
DEBUG util.py:439:    libgcc-8.2.1-3.5.el8+2.x86_64                                                 
DEBUG util.py:439:    libgcrypt-1.8.3-2.el8.x86_64                                                  
DEBUG util.py:439:    libgomp-8.2.1-3.5.el8+2.x86_64                                                
DEBUG util.py:439:    libgpg-error-1.31-1.el8.x86_64                                                
DEBUG util.py:439:    libidn2-2.0.5-1.el8.x86_64                                                    
DEBUG util.py:439:    libipt-1.6.1-8.el8+2.x86_64                                                   
DEBUG util.py:439:    libksba-1.3.5-7.el8.x86_64                                                    
DEBUG util.py:439:    libmetalink-0.1.3-7.el8.x86_64                                                
DEBUG util.py:439:    libmount-2.32.1-8.el8.x86_64                                                  
DEBUG util.py:439:    libmpc-1.0.2-9.el8+2.x86_64                                                   
DEBUG util.py:439:    libnghttp2-1.33.0-1.el8.x86_64                                                
DEBUG util.py:439:    libnsl2-1.2.0-2.20180605git4a062cf.el8.x86_64                                 
DEBUG util.py:439:    libpkgconf-1.4.2-1.el8.x86_64                                                 
DEBUG util.py:439:    libpsl-0.20.2-5.el8.x86_64                                                    
DEBUG util.py:439:    libpwquality-1.4.0-9.el8.x86_64                                               
DEBUG util.py:439:    libselinux-2.8-6.el8.x86_64                                                   
DEBUG util.py:439:    libsemanage-2.8-5.el8.x86_64                                                  
DEBUG util.py:439:    libsepol-2.8-2.el8.x86_64                                                     
DEBUG util.py:439:    libsigsegv-2.11-5.el8.x86_64                                                  
DEBUG util.py:439:    libsmartcols-2.32.1-8.el8.x86_64                                              
DEBUG util.py:439:    libssh-0.8.5-2.el8.x86_64                                                     
DEBUG util.py:439:    libstdc++-8.2.1-3.5.el8+2.x86_64                                              
DEBUG util.py:439:    libstdc++-devel-8.2.1-3.5.el8+2.x86_64                                        
DEBUG util.py:439:    libtasn1-4.13-3.el8.x86_64                                                    
DEBUG util.py:439:    libtirpc-1.1.4-3.el8.x86_64                                                   
DEBUG util.py:439:    libtool-ltdl-2.4.6-25.el8.x86_64                                              
DEBUG util.py:439:    libunistring-0.9.9-3.el8.x86_64                                               
DEBUG util.py:439:    libusbx-1.0.22-1.el8.x86_64                                                   
DEBUG util.py:439:    libutempter-1.1.6-14.el8.x86_64                                               
DEBUG util.py:439:    libuuid-2.32.1-8.el8.x86_64                                                   
DEBUG util.py:439:    libverto-0.3.0-5.el8.x86_64                                                   
DEBUG util.py:439:    libxcrypt-4.1.1-4.el8.x86_64                                                  
DEBUG util.py:439:    libxcrypt-devel-4.1.1-4.el8.x86_64                                            
DEBUG util.py:439:    libxml2-2.9.7-5.el8.x86_64                                                    
DEBUG util.py:439:    lua-libs-5.3.4-10.el8.x86_64                                                  
DEBUG util.py:439:    lz4-libs-1.8.1.2-4.el8.x86_64                                                 
DEBUG util.py:439:    mpfr-3.1.6-1.el8.x86_64                                                       
DEBUG util.py:439:    ncurses-6.1-7.20180224.el8.x86_64                                             
DEBUG util.py:439:    ncurses-base-6.1-7.20180224.el8.noarch                                        
DEBUG util.py:439:    ncurses-libs-6.1-7.20180224.el8.x86_64                                        
DEBUG util.py:439:    nettle-3.4.1-1.el8.x86_64                                                     
DEBUG util.py:439:    npth-1.5-4.el8.x86_64                                                         
DEBUG util.py:439:    ocaml-srpm-macros-5-4.el8+2.noarch                                            
DEBUG util.py:439:    openblas-srpm-macros-2-2.el8+2.noarch                                         
DEBUG util.py:439:    openldap-2.4.46-9.el8.x86_64                                                  
DEBUG util.py:439:    openssl-libs-1:1.1.1-8.el8.x86_64                                             
DEBUG util.py:439:    p11-kit-0.23.14-5.el8.x86_64                                                  
DEBUG util.py:439:    p11-kit-trust-0.23.14-5.el8.x86_64                                            
DEBUG util.py:439:    pam-1.3.1-4.el8.x86_64                                                        
DEBUG util.py:439:    pcre-8.42-4.el8.x86_64                                                        
DEBUG util.py:439:    pcre2-10.32-1.el8.x86_64                                                      
DEBUG util.py:439:    perl-srpm-macros-1-25.el8+2.noarch                                            
DEBUG util.py:439:    pkgconf-1.4.2-1.el8.x86_64                                                    
DEBUG util.py:439:    pkgconf-m4-1.4.2-1.el8.noarch                                                 
DEBUG util.py:439:    pkgconf-pkg-config-1.4.2-1.el8.x86_64                                         
DEBUG util.py:439:    platform-python-3.6.8-1.el8+2.x86_64                                          
DEBUG util.py:439:    platform-python-pip-9.0.3-13.el8.noarch                                       
DEBUG util.py:439:    platform-python-setuptools-39.2.0-4.el8.noarch                                
DEBUG util.py:439:    popt-1.16-14.el8.x86_64                                                       
DEBUG util.py:439:    publicsuffix-list-dafsa-20180723-1.el8.noarch                                 
DEBUG util.py:439:    python-srpm-macros-3-37.el8+2.noarch                                          
DEBUG util.py:439:    python3-libs-3.6.8-1.el8+2.x86_64                                             
DEBUG util.py:439:    python3-rpm-macros-3-37.el8+2.noarch                                          
DEBUG util.py:439:    qt5-srpm-macros-5.11.1-2.el8+2.noarch                                         
DEBUG util.py:439:    readline-7.0-10.el8.x86_64                                                    
DEBUG util.py:439:    rpm-4.14.2-9.el8.x86_64                                                       
DEBUG util.py:439:    rpm-build-libs-4.14.2-9.el8.x86_64                                            
DEBUG util.py:439:    rpm-libs-4.14.2-9.el8.x86_64                                                  
DEBUG util.py:439:    rust-srpm-macros-5-2.el8+2.noarch                                             
DEBUG util.py:439:    setup-2.12.2-1.el8.noarch                                                     
DEBUG util.py:439:    sqlite-libs-3.26.0-3.el8.x86_64                                               
DEBUG util.py:439:    systemd-libs-239-13.el8.3.x86_64                                              
DEBUG util.py:439:    tzdata-2019a-1.el8.noarch                                                     
DEBUG util.py:439:    xz-libs-5.2.4-3.el8.x86_64                                                    
DEBUG util.py:439:    zip-3.0-23.el8.x86_64                                                         
DEBUG util.py:439:    zlib-1.2.11-10.el8.x86_64                                                     
DEBUG util.py:439:  Complete!
DEBUG util.py:577:  Child return code was: 0
DEBUG util.py:122:  touching file: /var/lib/mock/dist-c8-build-2420-213/root/etc/os-release
DEBUG util.py:598:  child environment: None
DEBUG util.py:522:  Executing command: ['/usr/sbin/userdel', '-r', '-f', 'mockbuild'] with env {'LANG': 'en_GB.UTF-8', 'TERM': 'vt100', 'SHELL': '/bin/bash', 'HOSTNAME': 'mock', 'PROMPT_COMMAND': 'printf "\\033]0;<mock-chroot>\\007"', 'HOME': '/builddir', 'PATH': '/usr/bin:/bin:/usr/sbin:/sbin', 'PS1': '<mock-chroot> \\s-\\v\\$ '} and shell False
DEBUG util.py:439:  userdel: user 'mockbuild' does not exist
DEBUG util.py:577:  Child return code was: 6
DEBUG util.py:598:  child environment: None
DEBUG util.py:522:  Executing command: ['/usr/sbin/groupdel', 'mockbuild'] with env {'LANG': 'en_GB.UTF-8', 'TERM': 'vt100', 'SHELL': '/bin/bash', 'HOSTNAME': 'mock', 'PROMPT_COMMAND': 'printf "\\033]0;<mock-chroot>\\007"', 'HOME': '/builddir', 'PATH': '/usr/bin:/bin:/usr/sbin:/sbin', 'PS1': '<mock-chroot> \\s-\\v\\$ '} and shell False
DEBUG util.py:439:  groupdel: group 'mockbuild' does not exist
DEBUG util.py:577:  Child return code was: 6
DEBUG util.py:598:  child environment: None
DEBUG util.py:522:  Executing command: ['/usr/sbin/groupadd', '-g', '135', 'mockbuild'] with env {'LANG': 'en_GB.UTF-8', 'TERM': 'vt100', 'SHELL': '/bin/bash', 'HOSTNAME': 'mock', 'PROMPT_COMMAND': 'printf "\\033]0;<mock-chroot>\\007"', 'HOME': '/builddir', 'PATH': '/usr/bin:/bin:/usr/sbin:/sbin', 'PS1': '<mock-chroot> \\s-\\v\\$ '} and shell False
DEBUG util.py:577:  Child return code was: 0
DEBUG util.py:598:  child environment: None
DEBUG util.py:522:  Executing command: ['/usr/sbin/useradd', '-o', '-m', '-u', '996', '-g', '135', '-d', '/builddir', '-n', 'mockbuild'] with env {'LANG': 'en_GB.UTF-8', 'TERM': 'vt100', 'SHELL': '/bin/bash', 'HOSTNAME': 'mock', 'PROMPT_COMMAND': 'printf "\\033]0;<mock-chroot>\\007"', 'HOME': '/builddir', 'PATH': '/usr/bin:/bin:/usr/sbin:/sbin', 'PS1': '<mock-chroot> \\s-\\v\\$ '} and shell False
DEBUG util.py:577:  Child return code was: 0
DEBUG util.py:109:  ensuring that dir exists: /var/lib/mock/dist-c8-build-2420-213/root/builddir/build/RPMS
DEBUG util.py:112:  creating dir: /var/lib/mock/dist-c8-build-2420-213/root/builddir/build/RPMS
DEBUG util.py:109:  ensuring that dir exists: /var/lib/mock/dist-c8-build-2420-213/root/builddir/build/SPECS
DEBUG util.py:112:  creating dir: /var/lib/mock/dist-c8-build-2420-213/root/builddir/build/SPECS
DEBUG util.py:109:  ensuring that dir exists: /var/lib/mock/dist-c8-build-2420-213/root/builddir/build/SRPMS
DEBUG util.py:112:  creating dir: /var/lib/mock/dist-c8-build-2420-213/root/builddir/build/SRPMS
DEBUG util.py:109:  ensuring that dir exists: /var/lib/mock/dist-c8-build-2420-213/root/builddir/build/SOURCES
DEBUG util.py:112:  creating dir: /var/lib/mock/dist-c8-build-2420-213/root/builddir/build/SOURCES
DEBUG util.py:109:  ensuring that dir exists: /var/lib/mock/dist-c8-build-2420-213/root/builddir/build/BUILD
DEBUG util.py:112:  creating dir: /var/lib/mock/dist-c8-build-2420-213/root/builddir/build/BUILD
DEBUG util.py:109:  ensuring that dir exists: /var/lib/mock/dist-c8-build-2420-213/root/builddir/build/BUILDROOT
DEBUG util.py:112:  creating dir: /var/lib/mock/dist-c8-build-2420-213/root/builddir/build/BUILDROOT
DEBUG util.py:109:  ensuring that dir exists: /var/lib/mock/dist-c8-build-2420-213/root/builddir/build/originals
DEBUG util.py:112:  creating dir: /var/lib/mock/dist-c8-build-2420-213/root/builddir/build/originals
DEBUG util.py:122:  touching file: /var/lib/mock/dist-c8-build-2420-213/root/.initialized
INFO backend.py:169:  Installed packages:
DEBUG util.py:598:  child environment: None
DEBUG util.py:522:  Executing command: /bin/rpm --root /var/lib/mock/dist-c8-build-2420-213/root -qa with env {'LANG': 'en_GB.UTF-8', 'TERM': 'vt100', 'SHELL': '/bin/bash', 'HOSTNAME': 'mock', 'PROMPT_COMMAND': 'printf "\\033]0;<mock-chroot>\\007"', 'PATH': '/usr/bin:/bin:/usr/sbin:/sbin', 'HOME': '/builddir', 'PS1': '<mock-chroot> \\s-\\v\\$ '} and shell True
DEBUG util.py:439:  tzdata-2019a-1.el8.noarch
DEBUG util.py:439:  qt5-srpm-macros-5.11.1-2.el8+2.noarch
DEBUG util.py:439:  python-srpm-macros-3-37.el8+2.noarch
DEBUG util.py:439:  pkgconf-m4-1.4.2-1.el8.noarch
DEBUG util.py:439:  openblas-srpm-macros-2-2.el8+2.noarch
DEBUG util.py:439:  ncurses-base-6.1-7.20180224.el8.noarch
DEBUG util.py:439:  libcap-2.25-9.el8.x86_64
DEBUG util.py:439:  ncurses-libs-6.1-7.20180224.el8.x86_64
DEBUG util.py:439:  popt-1.16-14.el8.x86_64
DEBUG util.py:439:  libffi-3.1-18.el8.x86_64
DEBUG util.py:439:  info-6.5-4.el8.x86_64
DEBUG util.py:439:  glibc-all-langpacks-2.28-42.el8+2.x86_64
DEBUG util.py:439:  libselinux-2.8-6.el8.x86_64
DEBUG util.py:439:  coreutils-common-8.30-6.el8.x86_64
DEBUG util.py:439:  filesystem-3.8-2.el8.x86_64
DEBUG util.py:439:  glibc-2.28-42.el8+2.x86_64
DEBUG util.py:439:  gmp-6.1.2-8.el8.x86_64
DEBUG util.py:439:  sed-4.5-1.el8.x86_64
DEBUG util.py:439:  p11-kit-0.23.14-5.el8.x86_64
DEBUG util.py:439:  p11-kit-trust-0.23.14-5.el8.x86_64
DEBUG util.py:439:  crypto-policies-20181217-6.git9a35207.el8.noarch
DEBUG util.py:439:  openssl-libs-1.1.1-8.el8.x86_64
DEBUG util.py:439:  bzip2-libs-1.0.6-26.el8.x86_64
DEBUG util.py:439:  elfutils-libelf-0.174-6.el8.x86_64
DEBUG util.py:439:  libstdc++-8.2.1-3.5.el8+2.x86_64
DEBUG util.py:439:  mpfr-3.1.6-1.el8.x86_64
DEBUG util.py:439:  libcom_err-1.44.3-2.el8.x86_64
DEBUG util.py:439:  libgpg-error-1.31-1.el8.x86_64
DEBUG util.py:439:  lua-libs-5.3.4-10.el8.x86_64
DEBUG util.py:439:  libblkid-2.32.1-8.el8.x86_64
DEBUG util.py:439:  libmpc-1.0.2-9.el8+2.x86_64
DEBUG util.py:439:  expat-2.2.5-3.el8.x86_64
DEBUG util.py:439:  libgcrypt-1.8.3-2.el8.x86_64
DEBUG util.py:439:  unzip-6.0-41.el8.x86_64
DEBUG util.py:439:  cracklib-2.9.6-15.el8.x86_64
DEBUG util.py:439:  findutils-4.6.0-20.el8.x86_64
DEBUG util.py:439:  keyutils-libs-1.5.10-6.el8.x86_64
DEBUG util.py:439:  audit-libs-3.0-0.10.20180831git0047a6c.el8.x86_64
DEBUG util.py:439:  systemd-libs-239-13.el8.3.x86_64
DEBUG util.py:439:  libsemanage-2.8-5.el8.x86_64
DEBUG util.py:439:  libutempter-1.1.6-14.el8.x86_64
DEBUG util.py:439:  gdbm-1.18-1.el8.x86_64
DEBUG util.py:439:  libmetalink-0.1.3-7.el8.x86_64
DEBUG util.py:439:  glib2-2.56.4-1.el8.x86_64
DEBUG util.py:439:  libpsl-0.20.2-5.el8.x86_64
DEBUG util.py:439:  libksba-1.3.5-7.el8.x86_64
DEBUG util.py:439:  libdb-utils-5.3.28-36.el8+2.x86_64
DEBUG util.py:439:  libxml2-2.9.7-5.el8.x86_64
DEBUG util.py:439:  xz-5.2.4-3.el8.x86_64
DEBUG util.py:439:  isl-0.16.1-6.el8+2.x86_64
DEBUG util.py:439:  gnutls-3.6.5-2.el8.x86_64
DEBUG util.py:439:  cpio-2.12-8.el8.x86_64
DEBUG util.py:439:  libatomic_ops-7.6.2-3.el8+2.x86_64
DEBUG util.py:439:  libgomp-8.2.1-3.5.el8+2.x86_64
DEBUG util.py:439:  libnghttp2-1.33.0-1.el8.x86_64
DEBUG util.py:439:  pkgconf-1.4.2-1.el8.x86_64
DEBUG util.py:439:  libsigsegv-2.11-5.el8.x86_64
DEBUG util.py:439:  libsmartcols-2.32.1-8.el8.x86_64
DEBUG util.py:439:  guile-2.0.14-7.el8+2.x86_64
DEBUG util.py:439:  krb5-libs-1.16.1-22.el8.x86_64
DEBUG util.py:439:  libnsl2-1.2.0-2.20180605git4a062cf.el8.x86_64
DEBUG util.py:439:  pam-1.3.1-4.el8.x86_64
DEBUG util.py:439:  platform-python-setuptools-39.2.0-4.el8.noarch
DEBUG util.py:439:  python3-libs-3.6.8-1.el8+2.x86_64
DEBUG util.py:439:  openldap-2.4.46-9.el8.x86_64
DEBUG util.py:439:  libcurl-7.61.1-8.el8+2.x86_64
DEBUG util.py:439:  rpm-4.14.2-9.el8.x86_64
DEBUG util.py:439:  efi-srpm-macros-3-2.el8.noarch
DEBUG util.py:439:  gnupg2-2.2.9-1.el8.x86_64
DEBUG util.py:439:  tar-1.30-4.el8.x86_64
DEBUG util.py:439:  elfutils-libs-0.174-6.el8.x86_64
DEBUG util.py:439:  elfutils-0.174-6.el8.x86_64
DEBUG util.py:439:  gdb-headless-8.2-5.el8+2.x86_64
DEBUG util.py:439:  kernel-headers-4.18.0-79.el8+2.x86_64
DEBUG util.py:439:  glibc-devel-2.28-42.el8+2.x86_64
DEBUG util.py:439:  gcc-8.2.1-3.5.el8+2.x86_64
DEBUG util.py:439:  ghc-srpm-macros-1.4.2-7.el8+2.noarch
DEBUG util.py:439:  rpm-build-4.14.2-9.el8.x86_64
DEBUG util.py:439:  util-linux-2.32.1-8.el8.x86_64
DEBUG util.py:439:  which-2.21-10.el8.x86_64
DEBUG util.py:439:  libgcc-8.2.1-3.5.el8+2.x86_64
DEBUG util.py:439:  rust-srpm-macros-5-2.el8+2.noarch
DEBUG util.py:439:  python3-rpm-macros-3-37.el8+2.noarch
DEBUG util.py:439:  publicsuffix-list-dafsa-20180723-1.el8.noarch
DEBUG util.py:439:  perl-srpm-macros-1-25.el8+2.noarch
DEBUG util.py:439:  ocaml-srpm-macros-5-4.el8+2.noarch
DEBUG util.py:439:  libattr-2.4.48-3.el8.x86_64
DEBUG util.py:439:  ncurses-6.1-7.20180224.el8.x86_64
DEBUG util.py:439:  pcre2-10.32-1.el8.x86_64
DEBUG util.py:439:  libacl-2.2.53-1.el8.x86_64
DEBUG util.py:439:  pcre-8.42-4.el8.x86_64
DEBUG util.py:439:  chkconfig-1.11-1.el8.x86_64
DEBUG util.py:439:  glibc-common-2.28-42.el8+2.x86_64
DEBUG util.py:439:  bash-4.4.19-7.el8.x86_64
DEBUG util.py:439:  setup-2.12.2-1.el8.noarch
DEBUG util.py:439:  basesystem-11-5.el8.noarch
DEBUG util.py:439:  zlib-1.2.11-10.el8.x86_64
DEBUG util.py:439:  grep-3.1-6.el8.x86_64
DEBUG util.py:439:  libsepol-2.8-2.el8.x86_64
DEBUG util.py:439:  libtasn1-4.13-3.el8.x86_64
DEBUG util.py:439:  coreutils-8.30-6.el8.x86_64
DEBUG util.py:439:  ca-certificates-2018.2.24-6.el8.noarch
DEBUG util.py:439:  centos-release-8-0.1905.0.2.el8.x86_64
DEBUG util.py:439:  xz-libs-5.2.4-3.el8.x86_64
DEBUG util.py:439:  libdb-5.3.28-36.el8+2.x86_64
DEBUG util.py:439:  libxcrypt-4.1.1-4.el8.x86_64
DEBUG util.py:439:  readline-7.0-10.el8.x86_64
DEBUG util.py:439:  libuuid-2.32.1-8.el8.x86_64
DEBUG util.py:439:  libunistring-0.9.9-3.el8.x86_64
DEBUG util.py:439:  libidn2-2.0.5-1.el8.x86_64
DEBUG util.py:439:  libmount-2.32.1-8.el8.x86_64
DEBUG util.py:439:  file-libs-5.33-8.el8.x86_64
DEBUG util.py:439:  file-5.33-8.el8.x86_64
DEBUG util.py:439:  binutils-2.30-49.el8.x86_64
DEBUG util.py:439:  gzip-1.9-4.el8.x86_64
DEBUG util.py:439:  sqlite-libs-3.26.0-3.el8.x86_64
DEBUG util.py:439:  gdbm-libs-1.18-1.el8.x86_64
DEBUG util.py:439:  libcap-ng-0.7.9-4.el8.x86_64
DEBUG util.py:439:  lz4-libs-1.8.1.2-4.el8.x86_64
DEBUG util.py:439:  libusbx-1.0.22-1.el8.x86_64
DEBUG util.py:439:  shadow-utils-4.6-7.el8.x86_64
DEBUG util.py:439:  ima-evm-utils-1.1-4.el8.x86_64
DEBUG util.py:439:  zip-3.0-23.el8.x86_64
DEBUG util.py:439:  cpp-8.2.1-3.5.el8+2.x86_64
DEBUG util.py:439:  libfdisk-2.32.1-8.el8.x86_64
DEBUG util.py:439:  libassuan-2.5.1-3.el8.x86_64
DEBUG util.py:439:  libstdc++-devel-8.2.1-3.5.el8+2.x86_64
DEBUG util.py:439:  dwz-0.12-9.el8+2.x86_64
DEBUG util.py:439:  libarchive-3.3.2-3.el8.x86_64
DEBUG util.py:439:  bzip2-1.0.6-26.el8.x86_64
DEBUG util.py:439:  nettle-3.4.1-1.el8.x86_64
DEBUG util.py:439:  brotli-1.0.6-1.el8.x86_64
DEBUG util.py:439:  diffutils-3.6-5.el8.x86_64
DEBUG util.py:439:  gc-7.6.4-3.el8+2.x86_64
DEBUG util.py:439:  libipt-1.6.1-8.el8+2.x86_64
DEBUG util.py:439:  libpkgconf-1.4.2-1.el8.x86_64
DEBUG util.py:439:  pkgconf-pkg-config-1.4.2-1.el8.x86_64
DEBUG util.py:439:  gawk-4.2.1-1.el8.x86_64
DEBUG util.py:439:  libtool-ltdl-2.4.6-25.el8.x86_64
DEBUG util.py:439:  libverto-0.3.0-5.el8.x86_64
DEBUG util.py:439:  libtirpc-1.1.4-3.el8.x86_64
DEBUG util.py:439:  libpwquality-1.4.0-9.el8.x86_64
DEBUG util.py:439:  platform-python-pip-9.0.3-13.el8.noarch
DEBUG util.py:439:  platform-python-3.6.8-1.el8+2.x86_64
DEBUG util.py:439:  cyrus-sasl-lib-2.1.27-0.3rc7.el8.x86_64
DEBUG util.py:439:  libssh-0.8.5-2.el8.x86_64
DEBUG util.py:439:  curl-7.61.1-8.el8+2.x86_64
DEBUG util.py:439:  rpm-libs-4.14.2-9.el8.x86_64
DEBUG util.py:439:  npth-1.5-4.el8.x86_64
DEBUG util.py:439:  patch-2.7.6-8.el8.x86_64
DEBUG util.py:439:  elfutils-default-yama-scope-0.174-6.el8.noarch
DEBUG util.py:439:  annobin-8.64-1.el8+2.x86_64
DEBUG util.py:439:  libbabeltrace-1.5.4-2.el8+2.x86_64
DEBUG util.py:439:  rpm-build-libs-4.14.2-9.el8.x86_64
DEBUG util.py:439:  glibc-headers-2.28-42.el8+2.x86_64
DEBUG util.py:439:  libxcrypt-devel-4.1.1-4.el8.x86_64
DEBUG util.py:439:  go-srpm-macros-2-16.el8+2.noarch
DEBUG util.py:439:  redhat-rpm-config-116-1.el8.0.1.noarch
DEBUG util.py:439:  gcc-c++-8.2.1-3.5.el8+2.x86_64
DEBUG util.py:439:  make-4.2.1-9.el8.x86_64
DEBUG util.py:439:  buildsys-macros-el8-1.0-1.el8.noarch
DEBUG util.py:577:  Child return code was: 0
DEBUG util.py:188:  kill orphans
DEBUG util.py:598:  child environment: None
DEBUG util.py:522:  Executing command: ['/bin/umount', '-n', '/var/lib/mock/dist-c8-build-2420-213/root/proc/filesystems'] with env {'LANG': 'en_GB.UTF-8', 'TERM': 'vt100', 'SHELL': '/bin/sh', 'HOSTNAME': 'mock', 'HOME': '/builddir', 'PATH': '/usr/bin:/bin:/usr/sbin:/sbin'} and shell False
DEBUG util.py:577:  Child return code was: 0
DEBUG util.py:598:  child environment: None
DEBUG util.py:522:  Executing command: ['/bin/umount', '-n', '-l', '/var/lib/mock/dist-c8-build-2420-213/root/dev/pts'] with env {'LANG': 'en_GB.UTF-8', 'TERM': 'vt100', 'SHELL': '/bin/sh', 'HOSTNAME': 'mock', 'HOME': '/builddir', 'PATH': '/usr/bin:/bin:/usr/sbin:/sbin'} and shell False
DEBUG util.py:577:  Child return code was: 0
DEBUG util.py:598:  child environment: None
DEBUG util.py:522:  Executing command: ['/bin/umount', '-n', '-l', '/var/lib/mock/dist-c8-build-2420-213/root/dev/shm'] with env {'LANG': 'en_GB.UTF-8', 'TERM': 'vt100', 'SHELL': '/bin/sh', 'HOSTNAME': 'mock', 'HOME': '/builddir', 'PATH': '/usr/bin:/bin:/usr/sbin:/sbin'} and shell False
DEBUG util.py:577:  Child return code was: 0
DEBUG util.py:598:  child environment: None
DEBUG util.py:522:  Executing command: ['/bin/umount', '-n', '-l', '/var/lib/mock/dist-c8-build-2420-213/root/sys'] with env {'LANG': 'en_GB.UTF-8', 'TERM': 'vt100', 'SHELL': '/bin/sh', 'HOSTNAME': 'mock', 'HOME': '/builddir', 'PATH': '/usr/bin:/bin:/usr/sbin:/sbin'} and shell False
DEBUG util.py:577:  Child return code was: 0
DEBUG util.py:598:  child environment: None
DEBUG util.py:522:  Executing command: ['/bin/umount', '-n', '-l', '/var/lib/mock/dist-c8-build-2420-213/root/proc'] with env {'LANG': 'en_GB.UTF-8', 'TERM': 'vt100', 'SHELL': '/bin/sh', 'HOSTNAME': 'mock', 'HOME': '/builddir', 'PATH': '/usr/bin:/bin:/usr/sbin:/sbin'} and shell False
DEBUG util.py:577:  Child return code was: 0
INFO buildroot.py:317:  Mock Version: 1.3.4
DEBUG util.py:109:  ensuring that dir exists: /var/lib/mock/dist-c8-build-2420-213/root/dev/pts
DEBUG util.py:109:  ensuring that dir exists: /var/lib/mock/dist-c8-build-2420-213/root/dev/shm
DEBUG buildroot.py:448:  kernel version == 4.19.34-300.el7.x86_64
DEBUG util.py:122:  touching file: /var/lib/mock/dist-c8-build-2420-213/root/etc/fstab
DEBUG util.py:122:  touching file: /var/lib/mock/dist-c8-build-2420-213/root/etc/yum.conf
DEBUG util.py:122:  touching file: /var/lib/mock/dist-c8-build-2420-213/root/etc/dnf.conf
DEBUG util.py:122:  touching file: /var/lib/mock/dist-c8-build-2420-213/root/var/log/yum.log
DEBUG util.py:598:  child environment: None
DEBUG util.py:522:  Executing command: ['/bin/mount', '-n', '-t', 'proc', 'proc', '/var/lib/mock/dist-c8-build-2420-213/root/proc'] with env {'LANG': 'en_GB.UTF-8', 'TERM': 'vt100', 'SHELL': '/bin/sh', 'HOSTNAME': 'mock', 'HOME': '/builddir', 'PATH': '/usr/bin:/bin:/usr/sbin:/sbin'} and shell False
DEBUG util.py:577:  Child return code was: 0
DEBUG util.py:598:  child environment: None
DEBUG util.py:522:  Executing command: ['/bin/mount', '-n', '-t', 'sysfs', 'sysfs', '/var/lib/mock/dist-c8-build-2420-213/root/sys'] with env {'LANG': 'en_GB.UTF-8', 'TERM': 'vt100', 'SHELL': '/bin/sh', 'HOSTNAME': 'mock', 'HOME': '/builddir', 'PATH': '/usr/bin:/bin:/usr/sbin:/sbin'} and shell False
DEBUG util.py:577:  Child return code was: 0
DEBUG util.py:598:  child environment: None
DEBUG util.py:522:  Executing command: ['/bin/mount', '-n', '-t', 'tmpfs', 'tmpfs', '/var/lib/mock/dist-c8-build-2420-213/root/dev/shm'] with env {'LANG': 'en_GB.UTF-8', 'TERM': 'vt100', 'SHELL': '/bin/sh', 'HOSTNAME': 'mock', 'HOME': '/builddir', 'PATH': '/usr/bin:/bin:/usr/sbin:/sbin'} and shell False
DEBUG util.py:577:  Child return code was: 0
DEBUG util.py:598:  child environment: None
DEBUG util.py:522:  Executing command: ['/bin/mount', '-n', '-t', 'devpts', '-o', 'gid=5,mode=0620,ptmxmode=0666,newinstance', 'devpts', '/var/lib/mock/dist-c8-build-2420-213/root/dev/pts'] with env {'LANG': 'en_GB.UTF-8', 'TERM': 'vt100', 'SHELL': '/bin/sh', 'HOSTNAME': 'mock', 'HOME': '/builddir', 'PATH': '/usr/bin:/bin:/usr/sbin:/sbin'} and shell False
DEBUG util.py:577:  Child return code was: 0
DEBUG util.py:598:  child environment: None
DEBUG util.py:522:  Executing command: ['/bin/mount', '-n', '--bind', '/tmp/mock-selinux-plugin.WE8XAI', '/var/lib/mock/dist-c8-build-2420-213/root/proc/filesystems'] with env {'LANG': 'en_GB.UTF-8', 'TERM': 'vt100', 'SHELL': '/bin/sh', 'HOSTNAME': 'mock', 'HOME': '/builddir', 'PATH': '/usr/bin:/bin:/usr/sbin:/sbin'} and shell False
DEBUG util.py:577:  Child return code was: 0
DEBUG buildroot.py:136:  rootdir = /var/lib/mock/dist-c8-build-2420-213/root
DEBUG buildroot.py:137:  resultdir = /var/lib/mock/dist-c8-build-2420-213/result
DEBUG util.py:109:  ensuring that dir exists: /var/lib/mock/dist-c8-build-2420-213/root/etc/pki/mock
DEBUG util.py:109:  ensuring that dir exists: /var/lib/mock/dist-c8-build-2420-213/root/etc/dnf
DEBUG buildroot.py:336:  removing 3 rpm db files
DEBUG buildroot.py:341:  nuke_rpm_db: removing /var/lib/mock/dist-c8-build-2420-213/root/var/lib/rpm/__db.001
DEBUG buildroot.py:341:  nuke_rpm_db: removing /var/lib/mock/dist-c8-build-2420-213/root/var/lib/rpm/__db.002
DEBUG buildroot.py:341:  nuke_rpm_db: removing /var/lib/mock/dist-c8-build-2420-213/root/var/lib/rpm/__db.003
DEBUG util.py:598:  child environment: None
DEBUG util.py:522:  Executing command: ['/usr/sbin/userdel', '-f', 'mockbuild'] with env {'LANG': 'en_GB.UTF-8', 'TERM': 'vt100', 'SHELL': '/bin/bash', 'HOSTNAME': 'mock', 'PROMPT_COMMAND': 'printf "\\033]0;<mock-chroot>\\007"', 'HOME': '/builddir', 'PATH': '/usr/bin:/bin:/usr/sbin:/sbin', 'PS1': '<mock-chroot> \\s-\\v\\$ '} and shell False
DEBUG util.py:577:  Child return code was: 0
DEBUG util.py:598:  child environment: None
DEBUG util.py:522:  Executing command: ['/usr/sbin/groupdel', 'mockbuild'] with env {'LANG': 'en_GB.UTF-8', 'TERM': 'vt100', 'SHELL': '/bin/bash', 'HOSTNAME': 'mock', 'PROMPT_COMMAND': 'printf "\\033]0;<mock-chroot>\\007"', 'HOME': '/builddir', 'PATH': '/usr/bin:/bin:/usr/sbin:/sbin', 'PS1': '<mock-chroot> \\s-\\v\\$ '} and shell False
DEBUG util.py:439:  groupdel: group 'mockbuild' does not exist
DEBUG util.py:577:  Child return code was: 6
DEBUG util.py:598:  child environment: None
DEBUG util.py:522:  Executing command: ['/usr/sbin/groupadd', '-g', '135', 'mockbuild'] with env {'LANG': 'en_GB.UTF-8', 'TERM': 'vt100', 'SHELL': '/bin/bash', 'HOSTNAME': 'mock', 'PROMPT_COMMAND': 'printf "\\033]0;<mock-chroot>\\007"', 'HOME': '/builddir', 'PATH': '/usr/bin:/bin:/usr/sbin:/sbin', 'PS1': '<mock-chroot> \\s-\\v\\$ '} and shell False
DEBUG util.py:577:  Child return code was: 0
DEBUG util.py:598:  child environment: None
DEBUG util.py:522:  Executing command: ['/usr/sbin/useradd', '-o', '-m', '-u', '996', '-g', '135', '-d', '/builddir', '-n', 'mockbuild'] with env {'LANG': 'en_GB.UTF-8', 'TERM': 'vt100', 'SHELL': '/bin/bash', 'HOSTNAME': 'mock', 'PROMPT_COMMAND': 'printf "\\033]0;<mock-chroot>\\007"', 'HOME': '/builddir', 'PATH': '/usr/bin:/bin:/usr/sbin:/sbin', 'PS1': '<mock-chroot> \\s-\\v\\$ '} and shell False
DEBUG util.py:439:  useradd: warning: the home directory already exists.
DEBUG util.py:439:  Not copying any file from skel directory into it.
DEBUG util.py:439:  Creating mailbox file: File exists
DEBUG util.py:577:  Child return code was: 0
DEBUG util.py:109:  ensuring that dir exists: /var/lib/mock/dist-c8-build-2420-213/root/builddir/build/RPMS
DEBUG util.py:112:  creating dir: /var/lib/mock/dist-c8-build-2420-213/root/builddir/build/RPMS
DEBUG util.py:109:  ensuring that dir exists: /var/lib/mock/dist-c8-build-2420-213/root/builddir/build/SPECS
DEBUG util.py:112:  creating dir: /var/lib/mock/dist-c8-build-2420-213/root/builddir/build/SPECS
DEBUG util.py:109:  ensuring that dir exists: /var/lib/mock/dist-c8-build-2420-213/root/builddir/build/SRPMS
DEBUG util.py:112:  creating dir: /var/lib/mock/dist-c8-build-2420-213/root/builddir/build/SRPMS
DEBUG util.py:109:  ensuring that dir exists: /var/lib/mock/dist-c8-build-2420-213/root/builddir/build/SOURCES
DEBUG util.py:109:  ensuring that dir exists: /var/lib/mock/dist-c8-build-2420-213/root/builddir/build/BUILD
DEBUG util.py:112:  creating dir: /var/lib/mock/dist-c8-build-2420-213/root/builddir/build/BUILD
DEBUG util.py:109:  ensuring that dir exists: /var/lib/mock/dist-c8-build-2420-213/root/builddir/build/BUILDROOT
DEBUG util.py:112:  creating dir: /var/lib/mock/dist-c8-build-2420-213/root/builddir/build/BUILDROOT
DEBUG util.py:109:  ensuring that dir exists: /var/lib/mock/dist-c8-build-2420-213/root/builddir/build/originals
DEBUG util.py:112:  creating dir: /var/lib/mock/dist-c8-build-2420-213/root/builddir/build/originals
DEBUG util.py:122:  touching file: /var/lib/mock/dist-c8-build-2420-213/root/.initialized
DEBUG util.py:598:  child environment: None
DEBUG util.py:522:  Executing command: ['/bin/rpm', '-Uvh', '--nodeps', '/builddir/build/originals/shim-unsigned-x64-15-2.el8.src.rpm'] with env {'LANG': 'en_GB.UTF-8', 'TERM': 'vt100', 'SHELL': '/bin/bash', 'HOSTNAME': 'mock', 'PROMPT_COMMAND': 'printf "\\033]0;<mock-chroot>\\007"', 'HOME': '/builddir', 'PATH': '/usr/bin:/bin:/usr/sbin:/sbin', 'PS1': '<mock-chroot> \\s-\\v\\$ '} and shell False
DEBUG util.py:439:  Updating / installing...
DEBUG util.py:439:  shim-unsigned-x64-15-2.el8            ########################################
DEBUG util.py:577:  Child return code was: 0
DEBUG util.py:598:  child environment: None
DEBUG util.py:522:  Executing command: ['/bin/rpm', '-qpl', '/builddir/build/originals/shim-unsigned-x64-15-2.el8.src.rpm'] with env {'LANG': 'en_GB.UTF-8', 'TERM': 'vt100', 'SHELL': '/bin/bash', 'HOSTNAME': 'mock', 'PROMPT_COMMAND': 'printf "\\033]0;<mock-chroot>\\007"', 'HOME': '/builddir', 'PATH': '/usr/bin:/bin:/usr/sbin:/sbin', 'PS1': '<mock-chroot> \\s-\\v\\$ '} and shell False
DEBUG util.py:439:  0001-Make-sure-that-MOK-variables-always-get-mirrored.patch
DEBUG util.py:439:  0002-mok-fix-the-mirroring-of-RT-variables.patch
DEBUG util.py:439:  0003-mok-consolidate-mirroring-code-in-a-helper-instead-o.patch
DEBUG util.py:439:  0004-Make-VLogError-behave-as-expected.patch
DEBUG util.py:439:  0005-MokListRT-Fatal.patch
DEBUG util.py:439:  centossecureboot001.der
DEBUG util.py:439:  dbx.esl
DEBUG util.py:439:  shim-15.tar.bz2
DEBUG util.py:439:  shim-find-debuginfo.sh
DEBUG util.py:439:  shim-unsigned-x64.spec
DEBUG util.py:577:  Child return code was: 0
DEBUG util.py:598:  child environment: None
DEBUG package_manager.py:104:  ['/usr/bin/dnf', 'builddep', '--installroot', '/var/lib/mock/dist-c8-build-2420-213/root/', '/var/lib/mock/dist-c8-build-2420-213/root//builddir/build/SRPMS/shim-unsigned-x64-15-2.el8.src.rpm']
DEBUG util.py:598:  child environment: None
DEBUG util.py:522:  Executing command: ['/usr/bin/dnf', 'builddep', '--installroot', '/var/lib/mock/dist-c8-build-2420-213/root/', '/var/lib/mock/dist-c8-build-2420-213/root//builddir/build/SRPMS/shim-unsigned-x64-15-2.el8.src.rpm', '--setopt=tsflags=nocontexts'] with env {'LANG': 'en_GB.UTF-8', 'TERM': 'vt100', 'SHELL': '/bin/bash', 'LC_MESSAGES': 'C', 'HOSTNAME': 'mock', 'PROMPT_COMMAND': 'printf "\\033]0;<mock-chroot>\\007"', 'HOME': '/builddir', 'PATH': '/usr/bin:/bin:/usr/sbin:/sbin', 'PS1': '<mock-chroot> \\s-\\v\\$ '} and shell False
DEBUG util.py:439:  Dependencies resolved.
DEBUG util.py:439:  ================================================================================
DEBUG util.py:439:   Package                   Arch      Version                     Repository
DEBUG util.py:439:                                                                             Size
DEBUG util.py:439:  ================================================================================
DEBUG util.py:439:  Installing:
DEBUG util.py:439:   elfutils-libelf-devel     x86_64    0.174-6.el8                 build     52 k
DEBUG util.py:439:   git                       x86_64    2.18.1-3.el8+2              build    185 k
DEBUG util.py:439:   gnu-efi                   x86_64    1:3.0.8-2.el8               build     70 k
DEBUG util.py:439:   gnu-efi-devel             x86_64    1:3.0.8-2.el8               build    109 k
DEBUG util.py:439:   openssl                   x86_64    1:1.1.1-8.el8               build    663 k
DEBUG util.py:439:   openssl-devel             x86_64    1:1.1.1-8.el8               build    2.3 M
DEBUG util.py:439:   pesign                    x86_64    0.112-25.el8+2              build    180 k
DEBUG util.py:439:  Installing dependencies:
DEBUG util.py:439:   efivar-libs               x86_64    36-1.el8                    build     96 k
DEBUG util.py:439:   emacs-filesystem          noarch    1:26.1-5.el8                build     68 k
DEBUG util.py:439:   fipscheck                 x86_64    1.5.0-4.el8                 build     26 k
DEBUG util.py:439:   fipscheck-lib             x86_64    1.5.0-4.el8                 build     14 k
DEBUG util.py:439:   git-core                  x86_64    2.18.1-3.el8+2              build    4.1 M
DEBUG util.py:439:   git-core-doc              noarch    2.18.1-3.el8+2              build    2.3 M
DEBUG util.py:439:   groff-base                x86_64    1.22.3-18.el8+2             build    1.0 M
DEBUG util.py:439:   keyutils-libs-devel       x86_64    1.5.10-6.el8                build     47 k
DEBUG util.py:439:   krb5-devel                x86_64    1.16.1-22.el8               build    545 k
DEBUG util.py:439:   less                      x86_64    530-1.el8                   build    163 k
DEBUG util.py:439:   libcom_err-devel          x86_64    1.44.3-2.el8                build     36 k
DEBUG util.py:439:   libedit                   x86_64    3.1-23.20170329cvs.el8      build    101 k
DEBUG util.py:439:   libkadm5                  x86_64    1.16.1-22.el8               build    183 k
DEBUG util.py:439:   libsecret                 x86_64    0.18.6-1.el8                build    162 k
DEBUG util.py:439:   libselinux-devel          x86_64    2.8-6.el8                   build    197 k
DEBUG util.py:439:   libsepol-devel            x86_64    2.8-2.el8                   build     84 k
DEBUG util.py:439:   libverto-devel            x86_64    0.3.0-5.el8                 build     17 k
DEBUG util.py:439:   nspr                      x86_64    4.20.0-2.el8+2              build    142 k
DEBUG util.py:439:   nss                       x86_64    3.41.0-5.el8+2              build    714 k
DEBUG util.py:439:   nss-softokn               x86_64    3.41.0-5.el8+2              build    452 k
DEBUG util.py:439:   nss-softokn-freebl        x86_64    3.41.0-5.el8+2              build    271 k
DEBUG util.py:439:   nss-sysinit               x86_64    3.41.0-5.el8+2              build     67 k
DEBUG util.py:439:   nss-tools                 x86_64    3.41.0-5.el8+2              build    566 k
DEBUG util.py:439:   nss-util                  x86_64    3.41.0-5.el8+2              build    132 k
DEBUG util.py:439:   openssh                   x86_64    7.8p1-4.el8                 build    503 k
DEBUG util.py:439:   openssh-clients           x86_64    7.8p1-4.el8                 build    655 k
DEBUG util.py:439:   pcre2-devel               x86_64    10.32-1.el8                 build    604 k
DEBUG util.py:439:   pcre2-utf16               x86_64    10.32-1.el8                 build    227 k
DEBUG util.py:439:   pcre2-utf32               x86_64    10.32-1.el8                 build    219 k
DEBUG util.py:439:   perl-Carp                 noarch    1.42-396.el8                build     29 k
DEBUG util.py:439:   perl-Encode               x86_64    4:2.97-3.el8                build    1.5 M
DEBUG util.py:439:   perl-Errno                x86_64    1.28-416.el8                build     75 k
DEBUG util.py:439:   perl-Error                noarch    1:0.17025-2.el8+2           build     45 k
DEBUG util.py:439:   perl-Exporter             noarch    5.72-396.el8                build     33 k
DEBUG util.py:439:   perl-File-Path            noarch    2.15-2.el8                  build     37 k
DEBUG util.py:439:   perl-File-Temp            noarch    0.230.600-1.el8             build     61 k
DEBUG util.py:439:   perl-Getopt-Long          noarch    1:2.50-4.el8                build     62 k
DEBUG util.py:439:   perl-Git                  noarch    2.18.1-3.el8+2              build     76 k
DEBUG util.py:439:   perl-HTTP-Tiny            noarch    0.074-1.el8                 build     57 k
DEBUG util.py:439:   perl-IO                   x86_64    1.38-416.el8                build    140 k
DEBUG util.py:439:   perl-MIME-Base64          x86_64    3.15-396.el8                build     30 k
DEBUG util.py:439:   perl-PathTools            x86_64    3.74-1.el8                  build     89 k
DEBUG util.py:439:   perl-Pod-Escapes          noarch    1:1.07-395.el8              build     19 k
DEBUG util.py:439:   perl-Pod-Perldoc          noarch    3.28-396.el8                build     85 k
DEBUG util.py:439:   perl-Pod-Simple           noarch    1:3.35-395.el8              build    212 k
DEBUG util.py:439:   perl-Pod-Usage            noarch    4:1.69-395.el8              build     33 k
DEBUG util.py:439:   perl-Scalar-List-Utils    x86_64    3:1.49-2.el8                build     67 k
DEBUG util.py:439:   perl-Socket               x86_64    4:2.027-2.el8               build     58 k
DEBUG util.py:439:   perl-Storable             x86_64    1:3.11-3.el8                build     97 k
DEBUG util.py:439:   perl-Term-ANSIColor       noarch    4.06-396.el8                build     45 k
DEBUG util.py:439:   perl-Term-Cap             noarch    1.17-395.el8                build     22 k
DEBUG util.py:439:   perl-TermReadKey          x86_64    2.37-7.el8+2                build     39 k
DEBUG util.py:439:   perl-Text-ParseWords      noarch    3.30-395.el8                build     17 k
DEBUG util.py:439:   perl-Text-Tabs+Wrap       noarch    2013.0523-395.el8           build     23 k
DEBUG util.py:439:   perl-Time-Local           noarch    1:1.280-1.el8               build     32 k
DEBUG util.py:439:   perl-Unicode-Normalize    x86_64    1.25-396.el8                build     81 k
DEBUG util.py:439:   perl-constant             noarch    1.33-396.el8                build     24 k
DEBUG util.py:439:   perl-interpreter          x86_64    4:5.26.3-416.el8            build    6.3 M
DEBUG util.py:439:   perl-libs                 x86_64    4:5.26.3-416.el8            build    1.6 M
DEBUG util.py:439:   perl-macros               x86_64    4:5.26.3-416.el8            build     71 k
DEBUG util.py:439:   perl-parent               noarch    1:0.237-1.el8               build     19 k
DEBUG util.py:439:   perl-podlators            noarch    4.11-1.el8                  build    117 k
DEBUG util.py:439:   perl-threads              x86_64    1:2.21-2.el8                build     60 k
DEBUG util.py:439:   perl-threads-shared       x86_64    1.58-2.el8                  build     47 k
DEBUG util.py:439:   zlib-devel                x86_64    1.2.11-10.el8               build     55 k
DEBUG util.py:439:  Transaction Summary
DEBUG util.py:439:  ================================================================================
DEBUG util.py:439:  Install  72 Packages
DEBUG util.py:439:  Total download size: 28 M
DEBUG util.py:439:  Installed size: 102 M
DEBUG util.py:439:  Downloading Packages:
DEBUG util.py:439:  --------------------------------------------------------------------------------
DEBUG util.py:439:  Total                                            64 MB/s |  28 MB     00:00     
DEBUG util.py:439:  Running transaction check
DEBUG util.py:439:  Transaction check succeeded.
DEBUG util.py:439:  Running transaction test
DEBUG util.py:439:  Transaction test succeeded.
DEBUG util.py:439:  Running transaction
DEBUG util.py:439:  Setting system policy to DEFAULT
DEBUG util.py:439:  Note: System-wide crypto policies are applied on application start-up.
DEBUG util.py:439:  It is recommended to restart the system for the change of policies
DEBUG util.py:439:  to fully take place.
DEBUG util.py:439:  Installed:
DEBUG util.py:439:    elfutils-libelf-devel-0.174-6.el8.x86_64                                      
DEBUG util.py:439:    git-2.18.1-3.el8+2.x86_64                                                     
DEBUG util.py:439:    gnu-efi-1:3.0.8-2.el8.x86_64                                                  
DEBUG util.py:439:    gnu-efi-devel-1:3.0.8-2.el8.x86_64                                            
DEBUG util.py:439:    openssl-1:1.1.1-8.el8.x86_64                                                  
DEBUG util.py:439:    openssl-devel-1:1.1.1-8.el8.x86_64                                            
DEBUG util.py:439:    pesign-0.112-25.el8+2.x86_64                                                  
DEBUG util.py:439:    efivar-libs-36-1.el8.x86_64                                                   
DEBUG util.py:439:    emacs-filesystem-1:26.1-5.el8.noarch                                          
DEBUG util.py:439:    fipscheck-1.5.0-4.el8.x86_64                                                  
DEBUG util.py:439:    fipscheck-lib-1.5.0-4.el8.x86_64                                              
DEBUG util.py:439:    git-core-2.18.1-3.el8+2.x86_64                                                
DEBUG util.py:439:    git-core-doc-2.18.1-3.el8+2.noarch                                            
DEBUG util.py:439:    groff-base-1.22.3-18.el8+2.x86_64                                             
DEBUG util.py:439:    keyutils-libs-devel-1.5.10-6.el8.x86_64                                       
DEBUG util.py:439:    krb5-devel-1.16.1-22.el8.x86_64                                               
DEBUG util.py:439:    less-530-1.el8.x86_64                                                         
DEBUG util.py:439:    libcom_err-devel-1.44.3-2.el8.x86_64                                          
DEBUG util.py:439:    libedit-3.1-23.20170329cvs.el8.x86_64                                         
DEBUG util.py:439:    libkadm5-1.16.1-22.el8.x86_64                                                 
DEBUG util.py:439:    libsecret-0.18.6-1.el8.x86_64                                                 
DEBUG util.py:439:    libselinux-devel-2.8-6.el8.x86_64                                             
DEBUG util.py:439:    libsepol-devel-2.8-2.el8.x86_64                                               
DEBUG util.py:439:    libverto-devel-0.3.0-5.el8.x86_64                                             
DEBUG util.py:439:    nspr-4.20.0-2.el8+2.x86_64                                                    
DEBUG util.py:439:    nss-3.41.0-5.el8+2.x86_64                                                     
DEBUG util.py:439:    nss-softokn-3.41.0-5.el8+2.x86_64                                             
DEBUG util.py:439:    nss-softokn-freebl-3.41.0-5.el8+2.x86_64                                      
DEBUG util.py:439:    nss-sysinit-3.41.0-5.el8+2.x86_64                                             
DEBUG util.py:439:    nss-tools-3.41.0-5.el8+2.x86_64                                               
DEBUG util.py:439:    nss-util-3.41.0-5.el8+2.x86_64                                                
DEBUG util.py:439:    openssh-7.8p1-4.el8.x86_64                                                    
DEBUG util.py:439:    openssh-clients-7.8p1-4.el8.x86_64                                            
DEBUG util.py:439:    pcre2-devel-10.32-1.el8.x86_64                                                
DEBUG util.py:439:    pcre2-utf16-10.32-1.el8.x86_64                                                
DEBUG util.py:439:    pcre2-utf32-10.32-1.el8.x86_64                                                
DEBUG util.py:439:    perl-Carp-1.42-396.el8.noarch                                                 
DEBUG util.py:439:    perl-Encode-4:2.97-3.el8.x86_64                                               
DEBUG util.py:439:    perl-Errno-1.28-416.el8.x86_64                                                
DEBUG util.py:439:    perl-Error-1:0.17025-2.el8+2.noarch                                           
DEBUG util.py:439:    perl-Exporter-5.72-396.el8.noarch                                             
DEBUG util.py:439:    perl-File-Path-2.15-2.el8.noarch                                              
DEBUG util.py:439:    perl-File-Temp-0.230.600-1.el8.noarch                                         
DEBUG util.py:439:    perl-Getopt-Long-1:2.50-4.el8.noarch                                          
DEBUG util.py:439:    perl-Git-2.18.1-3.el8+2.noarch                                                
DEBUG util.py:439:    perl-HTTP-Tiny-0.074-1.el8.noarch                                             
DEBUG util.py:439:    perl-IO-1.38-416.el8.x86_64                                                   
DEBUG util.py:439:    perl-MIME-Base64-3.15-396.el8.x86_64                                          
DEBUG util.py:439:    perl-PathTools-3.74-1.el8.x86_64                                              
DEBUG util.py:439:    perl-Pod-Escapes-1:1.07-395.el8.noarch                                        
DEBUG util.py:439:    perl-Pod-Perldoc-3.28-396.el8.noarch                                          
DEBUG util.py:439:    perl-Pod-Simple-1:3.35-395.el8.noarch                                         
DEBUG util.py:439:    perl-Pod-Usage-4:1.69-395.el8.noarch                                          
DEBUG util.py:439:    perl-Scalar-List-Utils-3:1.49-2.el8.x86_64                                    
DEBUG util.py:439:    perl-Socket-4:2.027-2.el8.x86_64                                              
DEBUG util.py:439:    perl-Storable-1:3.11-3.el8.x86_64                                             
DEBUG util.py:439:    perl-Term-ANSIColor-4.06-396.el8.noarch                                       
DEBUG util.py:439:    perl-Term-Cap-1.17-395.el8.noarch                                             
DEBUG util.py:439:    perl-TermReadKey-2.37-7.el8+2.x86_64                                          
DEBUG util.py:439:    perl-Text-ParseWords-3.30-395.el8.noarch                                      
DEBUG util.py:439:    perl-Text-Tabs+Wrap-2013.0523-395.el8.noarch                                  
DEBUG util.py:439:    perl-Time-Local-1:1.280-1.el8.noarch                                          
DEBUG util.py:439:    perl-Unicode-Normalize-1.25-396.el8.x86_64                                    
DEBUG util.py:439:    perl-constant-1.33-396.el8.noarch                                             
DEBUG util.py:439:    perl-interpreter-4:5.26.3-416.el8.x86_64                                      
DEBUG util.py:439:    perl-libs-4:5.26.3-416.el8.x86_64                                             
DEBUG util.py:439:    perl-macros-4:5.26.3-416.el8.x86_64                                           
DEBUG util.py:439:    perl-parent-1:0.237-1.el8.noarch                                              
DEBUG util.py:439:    perl-podlators-4.11-1.el8.noarch                                              
DEBUG util.py:439:    perl-threads-1:2.21-2.el8.x86_64                                              
DEBUG util.py:439:    perl-threads-shared-1.58-2.el8.x86_64                                         
DEBUG util.py:439:    zlib-devel-1.2.11-10.el8.x86_64                                               
DEBUG util.py:439:  Complete!
DEBUG util.py:577:  Child return code was: 0
DEBUG util.py:598:  child environment: None
DEBUG backend.py:460:  Copying packages to result dir
DEBUG util.py:188:  kill orphans
DEBUG util.py:598:  child environment: None
DEBUG util.py:522:  Executing command: ['/bin/umount', '-n', '/var/lib/mock/dist-c8-build-2420-213/root/proc/filesystems'] with env {'LANG': 'en_GB.UTF-8', 'TERM': 'vt100', 'SHELL': '/bin/sh', 'HOSTNAME': 'mock', 'HOME': '/builddir', 'PATH': '/usr/bin:/bin:/usr/sbin:/sbin'} and shell False
DEBUG util.py:577:  Child return code was: 0
DEBUG util.py:598:  child environment: None
DEBUG util.py:522:  Executing command: ['/bin/umount', '-n', '-l', '/var/lib/mock/dist-c8-build-2420-213/root/dev/pts'] with env {'LANG': 'en_GB.UTF-8', 'TERM': 'vt100', 'SHELL': '/bin/sh', 'HOSTNAME': 'mock', 'HOME': '/builddir', 'PATH': '/usr/bin:/bin:/usr/sbin:/sbin'} and shell False
DEBUG util.py:577:  Child return code was: 0
DEBUG util.py:598:  child environment: None
DEBUG util.py:522:  Executing command: ['/bin/umount', '-n', '-l', '/var/lib/mock/dist-c8-build-2420-213/root/dev/shm'] with env {'LANG': 'en_GB.UTF-8', 'TERM': 'vt100', 'SHELL': '/bin/sh', 'HOSTNAME': 'mock', 'HOME': '/builddir', 'PATH': '/usr/bin:/bin:/usr/sbin:/sbin'} and shell False
DEBUG util.py:577:  Child return code was: 0
DEBUG util.py:598:  child environment: None
DEBUG util.py:522:  Executing command: ['/bin/umount', '-n', '-l', '/var/lib/mock/dist-c8-build-2420-213/root/sys'] with env {'LANG': 'en_GB.UTF-8', 'TERM': 'vt100', 'SHELL': '/bin/sh', 'HOSTNAME': 'mock', 'HOME': '/builddir', 'PATH': '/usr/bin:/bin:/usr/sbin:/sbin'} and shell False
DEBUG util.py:577:  Child return code was: 0
DEBUG util.py:598:  child environment: None
DEBUG util.py:522:  Executing command: ['/bin/umount', '-n', '-l', '/var/lib/mock/dist-c8-build-2420-213/root/proc'] with env {'LANG': 'en_GB.UTF-8', 'TERM': 'vt100', 'SHELL': '/bin/sh', 'HOSTNAME': 'mock', 'HOME': '/builddir', 'PATH': '/usr/bin:/bin:/usr/sbin:/sbin'} and shell False
DEBUG util.py:577:  Child return code was: 0
